{
  "RSpec": {
    "coverage": {
      "/Users/davidshin/Desktop/shintastic_wedding_photos/spec/models/comment_spec.rb": [
        1,
        null,
        1,
        2,
        2,
        null,
        null,
        1,
        2,
        2,
        null,
        null,
        null,
        null,
        null,
        null,
        null,
        null,
        null,
        null,
        null,
        null,
        null,
        null,
        null,
        null
      ],
      "/Users/davidshin/Desktop/shintastic_wedding_photos/spec/rails_helper.rb": [
        null,
        1,
        1,
        1,
        null,
        1,
        1,
        null,
        null,
        null,
        null,
        null,
        null,
        null,
        null,
        null,
        null,
        null,
        null,
        null,
        null,
        null,
        null,
        null,
        null,
        null,
        1,
        null,
        1,
        null,
        1,
        null,
        null,
        null,
        null,
        1,
        null,
        null,
        null,
        null,
        null,
        null,
        null,
        null,
        null,
        null,
        null,
        null,
        null,
        null,
        1,
        null,
        null,
        1,
        null,
        null,
        null,
        null,
        1,
        1,
        1,
        1,
        null,
        null
      ],
      "/Users/davidshin/Desktop/shintastic_wedding_photos/config/environment.rb": [
        null,
        1,
        null,
        null,
        1
      ],
      "/Users/davidshin/Desktop/shintastic_wedding_photos/config/application.rb": [
        1,
        null,
        1,
        null,
        1,
        1,
        1,
        1,
        1,
        1,
        1,
        1,
        null,
        null,
        null,
        null,
        1,
        null,
        1,
        1,
        null,
        1,
        null,
        null,
        null,
        null,
        null,
        null,
        1,
        null,
        null
      ],
      "/Users/davidshin/Desktop/shintastic_wedding_photos/config/boot.rb": [
        1,
        null,
        1
      ],
      "/Users/davidshin/Desktop/shintastic_wedding_photos/config/environments/test.rb": [
        1,
        null,
        null,
        null,
        null,
        null,
        null,
        1,
        null,
        null,
        null,
        null,
        1,
        null,
        null,
        1,
        1,
        null,
        null,
        null,
        null,
        1,
        1,
        null,
        null,
        1,
        null,
        null,
        1,
        1,
        null,
        null,
        null,
        null,
        1,
        null,
        null,
        1,
        null,
        null,
        null,
        null
      ],
      "/Users/davidshin/Desktop/shintastic_wedding_photos/config/initializers/application_controller_renderer.rb": [
        null,
        null,
        null,
        null,
        null,
        null
      ],
      "/Users/davidshin/Desktop/shintastic_wedding_photos/config/initializers/assets.rb": [
        null,
        null,
        null,
        1,
        null,
        null,
        null,
        null,
        1,
        null,
        null,
        null,
        null,
        null
      ],
      "/Users/davidshin/Desktop/shintastic_wedding_photos/config/initializers/backtrace_silencers.rb": [
        null,
        null,
        null,
        null,
        null,
        null,
        null
      ],
      "/Users/davidshin/Desktop/shintastic_wedding_photos/config/initializers/cookies_serializer.rb": [
        null,
        null,
        null,
        null,
        1
      ],
      "/Users/davidshin/Desktop/shintastic_wedding_photos/config/initializers/devise.rb": [
        null,
        null,
        1,
        null,
        null,
        null,
        null,
        null,
        null,
        null,
        null,
        null,
        null,
        null,
        1,
        null,
        null,
        null,
        null,
        null,
        null,
        null,
        null,
        null,
        null,
        null,
        1,
        null,
        null,
        null,
        null,
        null,
        null,
        null,
        null,
        null,
        null,
        null,
        null,
        null,
        null,
        null,
        null,
        null,
        null,
        null,
        null,
        null,
        1,
        null,
        null,
        null,
        null,
        1,
        null,
        null,
        null,
        null,
        null,
        null,
        null,
        null,
        null,
        null,
        null,
        null,
        null,
        null,
        null,
        null,
        null,
        null,
        null,
        null,
        null,
        null,
        null,
        null,
        null,
        null,
        null,
        null,
        null,
        null,
        1,
        null,
        null,
        null,
        null,
        null,
        null,
        null,
        null,
        null,
        null,
        null,
        null,
        null,
        null,
        null,
        null,
        null,
        null,
        null,
        null,
        null,
        null,
        1,
        null,
        null,
        null,
        null,
        null,
        null,
        null,
        null,
        null,
        null,
        null,
        null,
        null,
        null,
        null,
        null,
        null,
        null,
        null,
        null,
        null,
        null,
        null,
        null,
        null,
        null,
        null,
        null,
        null,
        null,
        1,
        null,
        null,
        null,
        null,
        null,
        null,
        null,
        null,
        null,
        1,
        null,
        null,
        null,
        null,
        null,
        null,
        null,
        null,
        null,
        null,
        1,
        null,
        null,
        null,
        null,
        1,
        null,
        null,
        null,
        null,
        null,
        null,
        null,
        null,
        null,
        null,
        null,
        null,
        null,
        null,
        null,
        null,
        null,
        null,
        null,
        null,
        null,
        null,
        null,
        null,
        null,
        null,
        null,
        null,
        null,
        null,
        null,
        null,
        null,
        null,
        null,
        null,
        null,
        null,
        null,
        null,
        1,
        null,
        null,
        null,
        null,
        null,
        null,
        null,
        null,
        null,
        null,
        null,
        null,
        null,
        null,
        null,
        null,
        null,
        null,
        null,
        null,
        null,
        null,
        null,
        null,
        null,
        null,
        null,
        null,
        null,
        null,
        null,
        null,
        null,
        null,
        null,
        null,
        null,
        null,
        null,
        null,
        null,
        1,
        null,
        null,
        null,
        null,
        null,
        null,
        null,
        null,
        null,
        null,
        null,
        null,
        null,
        null,
        null,
        null,
        null,
        null,
        null,
        null,
        null,
        null,
        null,
        null,
        null,
        null,
        null,
        null,
        null
      ],
      "/Users/davidshin/Desktop/shintastic_wedding_photos/config/initializers/filter_parameter_logging.rb": [
        null,
        null,
        null,
        1
      ],
      "/Users/davidshin/Desktop/shintastic_wedding_photos/config/initializers/inflections.rb": [
        null,
        null,
        null,
        null,
        null,
        null,
        null,
        null,
        null,
        null,
        null,
        null,
        null,
        null,
        null,
        null
      ],
      "/Users/davidshin/Desktop/shintastic_wedding_photos/config/initializers/mime_types.rb": [
        null,
        null,
        null,
        null
      ],
      "/Users/davidshin/Desktop/shintastic_wedding_photos/config/initializers/wrap_parameters.rb": [
        null,
        null,
        null,
        null,
        null,
        null,
        1,
        2,
        null,
        null,
        null,
        null,
        null,
        null
      ],
      "/Users/davidshin/Desktop/shintastic_wedding_photos/spec/factories/comments.rb": [
        1,
        1,
        1,
        null,
        null
      ],
      "/Users/davidshin/Desktop/shintastic_wedding_photos/spec/factories/images.rb": [
        1,
        1,
        1,
        1,
        null,
        null
      ],
      "/Users/davidshin/Desktop/shintastic_wedding_photos/spec/factories/users.rb": [
        1,
        1,
        1,
        1,
        null,
        null
      ],
      "/Users/davidshin/Desktop/shintastic_wedding_photos/config/routes.rb": [
        1,
        1,
        null,
        1,
        null,
        1,
        null,
        1,
        null,
        1,
        null,
        null,
        null,
        null,
        null,
        null,
        null,
        null,
        null,
        1,
        null,
        1,
        1,
        1,
        null,
        null,
        null
      ],
      "/Users/davidshin/Desktop/shintastic_wedding_photos/app/models/user.rb": [
        1,
        null,
        1,
        null,
        null,
        1,
        null,
        null
      ],
      "/Users/davidshin/Desktop/shintastic_wedding_photos/app/models/application_record.rb": [
        1,
        1,
        null
      ],
      "/Users/davidshin/Desktop/shintastic_wedding_photos/app/helpers/application_helper.rb": [
        1,
        null
      ],
      "/Users/davidshin/Desktop/shintastic_wedding_photos/app/helpers/comments_helper.rb": [
        1,
        null
      ],
      "/Users/davidshin/Desktop/shintastic_wedding_photos/app/helpers/images_helper.rb": [
        1,
        null
      ],
      "/Users/davidshin/Desktop/shintastic_wedding_photos/app/helpers/user_helper.rb": [
        1,
        null
      ],
      "/Users/davidshin/Desktop/shintastic_wedding_photos/app/helpers/users_helper.rb": [
        1,
        null
      ],
      "/Users/davidshin/Desktop/shintastic_wedding_photos/app/models/comment.rb": [
        1,
        1,
        1,
        null
      ],
      "/Users/davidshin/Desktop/shintastic_wedding_photos/spec/models/image_spec.rb": [
        1,
        null,
        1,
        2,
        1,
        1,
        0,
        null,
        null,
        1,
        1,
        1,
        null,
        null
      ],
      "/Users/davidshin/Desktop/shintastic_wedding_photos/app/models/image.rb": [
        1,
        1,
        null
      ],
      "/Users/davidshin/Desktop/shintastic_wedding_photos/spec/models/user_spec.rb": [
        1,
        null,
        1,
        2,
        1,
        1,
        1,
        null,
        null,
        1,
        1,
        null,
        null
      ]
    },
    "timestamp": 1499656577
  }
}
